<?xml version="1.0" encoding="UTF-8"?>
<!-- Generated by org.testng.reporters.JUnitReportReporter -->
<testsuite skipped="0" hostname="DESKTOP-PJ5JRQT" name="com.datadriven.test.Registration" tests="1" failures="0" timestamp="21 Aug 2022 07:04:52 GMT" time="22.828" errors="0">
  <testcase name="validateTextField" time="22.828" classname="com.datadriven.test.Registration"/>
</testsuite> <!-- com.datadriven.test.Registration -->
